<?xml version="1.0" encoding="UTF-8"?>
<!-- Generated by org.testng.reporters.JUnitReportReporter -->
<testsuite hostname="DESKTOP-EEGTV5T" failures="1" tests="1" name="MyRunner.Runner" time="247.299" errors="0" timestamp="2021-08-08T11:26:58 IST" skipped="0">
  <testcase classname="MyRunner.Runner" name="runScenario" time="247.299">
    <failure message="expected [Amazon Sign In] but found [Online Shopping site in India: Shop Online for Mobiles, Books, Watches, Shoes and More - Amazon.in]" type="java.lang.AssertionError">
      <![CDATA[java.lang.AssertionError: expected [Amazon Sign In] but found [Online Shopping site in India: Shop Online for Mobiles, Books, Watches, Shoes and More - Amazon.in]
at org.testng.Assert.fail(Assert.java:99)
at org.testng.Assert.failNotEquals(Assert.java:1037)
at org.testng.Assert.assertEqualsImpl(Assert.java:140)
at org.testng.Assert.assertEquals(Assert.java:122)
at org.testng.Assert.assertEquals(Assert.java:629)
at org.testng.Assert.assertEquals(Assert.java:639)
at StepDefinition.Login.user_login_into_the_web(Login.java:29)
at ✽.user login into the website(file:///D:/Automation/AmazonPractice/./src/main/java/Features/searchandadditems.feature:5)
]]>
    </failure>
  </testcase> <!-- runScenario -->
  <system-out/>
</testsuite> <!-- MyRunner.Runner -->
